<?xml version="1.0" encoding="UTF-8"?>
<!-- Generated by org.testng.reporters.JUnitReportReporter -->
<testsuite hostname="AsusX415" failures="0" tests="1" name="tests.LoginTest" time="6.989" errors="0" timestamp="2023-12-25T17:59:26 IST" skipped="0">
  <testcase classname="tests.LoginTest" name="loginTest" time="6.989"/>
</testsuite> <!-- tests.LoginTest -->
