<?xml version="1.0" encoding="UTF-8"?>
<!-- Generated by org.testng.reporters.JUnitReportReporter -->
<testsuite hostname="AsusX415" failures="0" tests="1" name="tests.LinearOrangeTest1" time="12.131" errors="0" timestamp="2023-12-14T19:08:27 IST" skipped="0">
  <testcase classname="tests.LinearOrangeTest1" name="testOrangeHR" time="12.131"/>
</testsuite> <!-- tests.LinearOrangeTest1 -->
